
       MPQC: Massively Parallel Quantum Chemistry


  loaded from workstation or SRM

  compiled on Wed Jul  7 07:37:11 PDT 1993

  Running on a SGI with 1 nodes.

  mpqc options:
    dertype            = none
    optimize_geometry  = NO
    nopt               = 1
    properties         = NO
    use_dipole         = YES
    points_per_ang     = 5.000000
    restart            = NO
    save_vector        = YES
    save_fock          = NO
    node_timings       = NO
    throttle           = 0
    sync_loop          = 1
    print_geometry     = YES
    mp2                = NO

  scf vector will be written to file mpqc.scfvec


  math/dmt/libdmtscf options:
    wfn              = scf
    dertype          = none
    opentype         = none
    warmrestart      = no
    integral_storage = 0
    threshold        = 12
    eliminate        = yes
    convergence      = 7
    maxiter          = 30
    symmetry         = c1
    local_P          = yes
    nbasis           = 7

  diis scale factor                = 1.000000
  iterations before extrapolation  = 0
  6 error matrices will be kept

  number of electrons is 10
  overall charge is       0.000000


  density matrices will be reset every 10 iterations

  scf vector and fock matrices will be checkpointed as
    ./libscfv3.{scfvec,fock,focko}
  these files will be updated every 5 iterations
  these files will be deleted if the calculation is successful

Map Examination:
              min    max      mean
 map   0:      34     34     34.00
 map   1:      10     10     10.00


         molecular geometry in atomic units        basis set

    1     O    0.0000000    0.0000000    0.0000000      basis_0
    2     H    0.0000000    0.0000000    1.7901780      basis_1
    3     H    1.7250750    0.0000000   -0.4783860      basis_2


  nuclear repulsion energy         = 9.288541

  first run, so defaulting to core-hamiltonian guess


  iter       total energy        delta E         delta P          diiser
    1       -74.6439623601    8.393250e+01    1.525439e-01    0.000000e+00
    2       -74.9412466589    2.972843e-01    5.969671e-02    3.938876e-01
    3       -74.9598915913    1.864493e-02    1.748774e-02    1.716239e-01
    4       -74.9608757792    9.841879e-04    5.290877e-03    3.654720e-02
    5       -74.9609177520    4.197278e-05    1.137893e-03    3.217941e-03
  checkpointing vector and fock matrices
    6       -74.9609181978    4.458672e-07    1.189662e-04    3.062238e-04
    7       -74.9609181985    6.345005e-10    4.847794e-06    1.619649e-05
    8       -74.9609181985    2.842171e-14    1.556886e-08    7.785326e-08

  converged
The exchange energy is    -9.11469300
  deleted checkpoint files
Timing information:
  mpqcnode                        2.75
    input                         0.07
    scf_vect                      2.68
      scf_oeis                    0.03
      dmt_diag                    0.01
      dmt_mult                    0.04
      schmidt                     0.02
      gmat                        1.84
        init                      0.07
        scf_mkgd                  1.77
          l loop                  1.76
            ints                  1.73
              gd_erep             1.69
        clean                     0.00
      scf_ex                      0.69
